Using pre-set license
Built from '2020.3/staging' branch; Version is '2020.3.22f1 (e1a7f79fd887) revision 14788599'; Using compiler version '192528614'; Build Type 'Release'
OS: 'Windows 10 Home; OS build 19042.1348; Version 2009; 64bit' Language: 'en' Physical Memory: 7908 MB
BatchMode: 1, IsHumanControllingUs: 0, StartBugReporterOnCrash: 0, Is64bit: 1, IsPro: 0

COMMAND LINE ARGUMENTS:
C:\Program Files\Unity\Hub\Editor\2020.3.22f1\Editor\Unity.exe
-adb2
-batchMode
-noUpm
-name
AssetImportWorker0
-projectPath
C:/Users/spiky/OneDrive/Documents/GitHub/MeghanC_Fossilclicker/MegC_IdleGame_UnityFiles-main/MegC_IdleGame_UnityFiles-main/GameProject1
-logFile
Logs/AssetImportWorker0.log
-srvPort
53720
Successfully changed project path to: C:/Users/spiky/OneDrive/Documents/GitHub/MeghanC_Fossilclicker/MegC_IdleGame_UnityFiles-main/MegC_IdleGame_UnityFiles-main/GameProject1
C:/Users/spiky/OneDrive/Documents/GitHub/MeghanC_Fossilclicker/MegC_IdleGame_UnityFiles-main/MegC_IdleGame_UnityFiles-main/GameProject1
Using Asset Import Pipeline V2.
Refreshing native plugins compatible for Editor in 201.15 ms, found 3 plugins.
Preloading 0 native plugins for Editor in 0.00 ms.
Initialize engine version: 2020.3.22f1 (e1a7f79fd887)
[Subsystems] Discovering subsystems at path C:/Program Files/Unity/Hub/Editor/2020.3.22f1/Editor/Data/Resources/UnitySubsystems
[Subsystems] Discovering subsystems at path C:/Users/spiky/OneDrive/Documents/GitHub/MeghanC_Fossilclicker/MegC_IdleGame_UnityFiles-main/MegC_IdleGame_UnityFiles-main/GameProject1/Assets
GfxDevice: creating device client; threaded=0
Direct3D:
    Version:  Direct3D 11.0 [level 11.1]
    Renderer: Intel(R) UHD Graphics (ID=0x9b41)
    Vendor:   
    VRAM:     3954 MB
    Driver:   26.20.100.6911
Initialize mono
Mono path[0] = 'C:/Program Files/Unity/Hub/Editor/2020.3.22f1/Editor/Data/Managed'
Mono path[1] = 'C:/Program Files/Unity/Hub/Editor/2020.3.22f1/Editor/Data/MonoBleedingEdge/lib/mono/unityjit'
Mono config path = 'C:/Program Files/Unity/Hub/Editor/2020.3.22f1/Editor/Data/MonoBleedingEdge/etc'
Using monoOptions --debugger-agent=transport=dt_socket,embedding=1,server=y,suspend=n,address=127.0.0.1:56948
Begin MonoManager ReloadAssembly
Registering precompiled unity dll's ...
Register platform support module: C:/Program Files/Unity/Hub/Editor/2020.3.22f1/Editor/Data/PlaybackEngines/WebGLSupport/UnityEditor.WebGL.Extensions.dll
Register platform support module: C:/Program Files/Unity/Hub/Editor/2020.3.22f1/Editor/Data/PlaybackEngines/WindowsStandaloneSupport/UnityEditor.WindowsStandalone.Extensions.dll
Registered in 0.023396 seconds.
Native extension for WindowsStandalone target not found
Native extension for WebGL target not found
Refreshing native plugins compatible for Editor in 53.98 ms, found 3 plugins.
Preloading 0 native plugins for Editor in 0.00 ms.
Mono: successfully reloaded assembly
- Completed reload, in  4.521 seconds
Domain Reload Profiling:
	ReloadAssembly (4521ms)
		BeginReloadAssembly (213ms)
			ExecutionOrderSort (0ms)
			DisableScriptedObjects (0ms)
			BackupInstance (0ms)
			ReleaseScriptingObjects (0ms)
			CreateAndSetChildDomain (4ms)
		EndReloadAssembly (589ms)
			LoadAssemblies (208ms)
			RebuildTransferFunctionScriptingTraits (1ms)
			SetupTypeCache (202ms)
			ReleaseScriptCaches (0ms)
			RebuildScriptCaches (34ms)
			SetupLoadedEditorAssemblies (217ms)
				LogAssemblyErrors (0ms)
				InitializePlatformSupportModulesInManaged (6ms)
				SetLoadedEditorAssemblies (0ms)
				RefreshPlugins (54ms)
				BeforeProcessingInitializeOnLoad (14ms)
				ProcessInitializeOnLoadAttributes (105ms)
				ProcessInitializeOnLoadMethodAttributes (37ms)
				AfterProcessingInitializeOnLoad (0ms)
				EditorAssembliesLoaded (0ms)
			ExecutionOrderSort2 (0ms)
			AwakeInstancesAfterBackupRestoration (0ms)
Platform modules already initialized, skipping
Registering precompiled user dll's ...
Registered in 0.032440 seconds.
Begin MonoManager ReloadAssembly
Native extension for WindowsStandalone target not found
Native extension for WebGL target not found
Refreshing native plugins compatible for Editor in 69.41 ms, found 3 plugins.
Preloading 0 native plugins for Editor in 0.00 ms.
Mono: successfully reloaded assembly
- Completed reload, in  1.711 seconds
Domain Reload Profiling:
	ReloadAssembly (1713ms)
		BeginReloadAssembly (171ms)
			ExecutionOrderSort (0ms)
			DisableScriptedObjects (6ms)
			BackupInstance (0ms)
			ReleaseScriptingObjects (0ms)
			CreateAndSetChildDomain (21ms)
		EndReloadAssembly (1454ms)
			LoadAssemblies (193ms)
			RebuildTransferFunctionScriptingTraits (0ms)
			SetupTypeCache (389ms)
			ReleaseScriptCaches (1ms)
			RebuildScriptCaches (53ms)
			SetupLoadedEditorAssemblies (639ms)
				LogAssemblyErrors (0ms)
				InitializePlatformSupportModulesInManaged (11ms)
				SetLoadedEditorAssemblies (0ms)
				RefreshPlugins (70ms)
				BeforeProcessingInitializeOnLoad (113ms)
				ProcessInitializeOnLoadAttributes (388ms)
				ProcessInitializeOnLoadMethodAttributes (46ms)
				AfterProcessingInitializeOnLoad (11ms)
				EditorAssembliesLoaded (0ms)
			ExecutionOrderSort2 (0ms)
			AwakeInstancesAfterBackupRestoration (7ms)
Platform modules already initialized, skipping
========================================================================
Worker process is ready to serve import requests
Launched and connected shader compiler UnityShaderCompiler.exe after 0.10 seconds
Refreshing native plugins compatible for Editor in 2.18 ms, found 3 plugins.
Preloading 0 native plugins for Editor in 0.00 ms.
Unloading 2243 Unused Serialized files (Serialized files now loaded: 0)
System memory in use before: 98.1 MB.
System memory in use after: 98.2 MB.

Unloading 29 unused Assets to reduce memory usage. Loaded Objects now: 2676.
Total: 10.246200 ms (FindLiveObjects: 0.232500 ms CreateObjectMapping: 0.178900 ms MarkObjects: 9.043000 ms  DeleteObjects: 0.787600 ms)

AssetImportParameters requested are different than current active one (requested -> active):
  custom:framework-win-MediaFoundation: 216162199b28c13a410421893ffa2e32 -> 
  custom:video-decoder-ogg-theora: a1e56fd34408186e4bbccfd4996cb3dc -> 
  custom:container-muxer-webm: aa71ff27fc2769a1b78a27578f13a17b -> 
  custom:container-demuxer-webm: 4f35f7cbe854078d1ac9338744f61a02 -> 
  custom:container-demuxer-ogg: 62fdf1f143b41e24485cea50d1cbac27 -> 
  custom:video-encoder-webm-vp8: eb34c28f22e8b96e1ab97ce403110664 -> 
  custom:video-decoder-webm-vp8: 9c59270c3fd7afecdb556c50c9e8de78 -> 
  custom:audio-decoder-ogg-vorbis: bf7c407c2cedff20999df2af8eb42d56 -> 
  custom:audio-encoder-webm-vorbis: bf7c407c2cedff20999df2af8eb42d56 -> 
========================================================================
Received Import Request.
  path: Assets/pixil-frame-0 (3).png
  artifactKey: Guid(f505678920aae1d409f92395a0e32d03) Importer(815301076,1909f56bfc062723c751e8b465ee728b)
Start importing Assets/pixil-frame-0 (3).png using Guid(f505678920aae1d409f92395a0e32d03) Importer(815301076,1909f56bfc062723c751e8b465ee728b)  -> (artifact id: '6197ecccbf6c9ebb281645f84c478be3') in 0.247032 seconds 
  Import took 0.253423 seconds .

========================================================================
Received Import Request.
  Time since last request: 0.000854 seconds.
  path: Assets/jump-up-to-air-4320.mp3
  artifactKey: Guid(b8b44f814ec794342a57301b9f2a0ac7) Importer(815301076,1909f56bfc062723c751e8b465ee728b)
Start importing Assets/jump-up-to-air-4320.mp3 using Guid(b8b44f814ec794342a57301b9f2a0ac7) Importer(815301076,1909f56bfc062723c751e8b465ee728b)  -> (artifact id: '131778e46a1ea1616f32ed6463a2365d') in 0.106466 seconds 
  Import took 0.112590 seconds .

========================================================================
Received Import Request.
  Time since last request: 0.000436 seconds.
  path: Assets/pixel-game-background-vector-12492918.jpg
  artifactKey: Guid(75b47b710e0edcb4292a32f7b01f3baa) Importer(815301076,1909f56bfc062723c751e8b465ee728b)
Start importing Assets/pixel-game-background-vector-12492918.jpg using Guid(75b47b710e0edcb4292a32f7b01f3baa) Importer(815301076,1909f56bfc062723c751e8b465ee728b)  -> (artifact id: '2495ffe13e4d9f83d06d1c4ede2f3968') in 0.044473 seconds 
  Import took 0.051455 seconds .

========================================================================
Received Import Request.
  Time since last request: 0.000767 seconds.
  path: Assets/pixil-frame-0 (5).png
  artifactKey: Guid(67ee35b0a6a1f5d4fbd75697b8181bbd) Importer(815301076,1909f56bfc062723c751e8b465ee728b)
Start importing Assets/pixil-frame-0 (5).png using Guid(67ee35b0a6a1f5d4fbd75697b8181bbd) Importer(815301076,1909f56bfc062723c751e8b465ee728b)  -> (artifact id: '471e9e0afb57d9beca4b4c0c77ccbd11') in 0.045785 seconds 
  Import took 0.055271 seconds .

========================================================================
Received Import Request.
  Time since last request: 0.001702 seconds.
  path: Assets/Bar.png
  artifactKey: Guid(7e2f4e58055fd2d4fa7e4272e40c48bc) Importer(815301076,1909f56bfc062723c751e8b465ee728b)
Start importing Assets/Bar.png using Guid(7e2f4e58055fd2d4fa7e4272e40c48bc) Importer(815301076,1909f56bfc062723c751e8b465ee728b)  -> (artifact id: 'd3c1240b9a84f9e5fe502b9cf92a238b') in 0.022071 seconds 
  Import took 0.034954 seconds .

========================================================================
Received Import Request.
  Time since last request: 0.000736 seconds.
  path: Assets/68744923-stock-vector-pixel-art-game-underground-background-tunnel-with-dirt-and-grass.jpg
  artifactKey: Guid(02d0e44be91fda44682fe88698404dc0) Importer(815301076,1909f56bfc062723c751e8b465ee728b)
Start importing Assets/68744923-stock-vector-pixel-art-game-underground-background-tunnel-with-dirt-and-grass.jpg using Guid(02d0e44be91fda44682fe88698404dc0) Importer(815301076,1909f56bfc062723c751e8b465ee728b)  -> (artifact id: 'bc92c97cc304f253e593115c68da3908') in 0.028829 seconds 
  Import took 0.035268 seconds .

========================================================================
Received Import Request.
  Time since last request: 0.001017 seconds.
  path: Assets/pixil-frame-0 (6).png
  artifactKey: Guid(39c68f6f3b70dba47a6c4519d079e8a2) Importer(815301076,1909f56bfc062723c751e8b465ee728b)
Start importing Assets/pixil-frame-0 (6).png using Guid(39c68f6f3b70dba47a6c4519d079e8a2) Importer(815301076,1909f56bfc062723c751e8b465ee728b)  -> (artifact id: '713a1f53eb9e8096354001b31741673d') in 0.031359 seconds 
  Import took 0.037531 seconds .

========================================================================
Received Import Request.
  Time since last request: 0.001942 seconds.
  path: Assets/pixil-frame-0 (2).png
  artifactKey: Guid(c67641b04b32e6e4b836f5cf8dac0beb) Importer(815301076,1909f56bfc062723c751e8b465ee728b)
Start importing Assets/pixil-frame-0 (2).png using Guid(c67641b04b32e6e4b836f5cf8dac0beb) Importer(815301076,1909f56bfc062723c751e8b465ee728b)  -> (artifact id: '0771a95845f74ca1c48794a94cd3a83f') in 0.026335 seconds 
  Import took 0.038455 seconds .

========================================================================
Received Import Request.
  Time since last request: 0.000509 seconds.
  path: Assets/pixil-frame-0 (8).png
  artifactKey: Guid(816806ca09c4dab49b4d8a969cfaa42a) Importer(815301076,1909f56bfc062723c751e8b465ee728b)
Start importing Assets/pixil-frame-0 (8).png using Guid(816806ca09c4dab49b4d8a969cfaa42a) Importer(815301076,1909f56bfc062723c751e8b465ee728b)  -> (artifact id: 'c3b4e72bef6f7f8330e3b63f1589a9e0') in 0.031904 seconds 
  Import took 0.037780 seconds .

========================================================================
Received Import Request.
  Time since last request: 0.000593 seconds.
  path: Assets/pixil-frame-0 (4).png
  artifactKey: Guid(ec12120b74a52a648b91f508c83a83f1) Importer(815301076,1909f56bfc062723c751e8b465ee728b)
Start importing Assets/pixil-frame-0 (4).png using Guid(ec12120b74a52a648b91f508c83a83f1) Importer(815301076,1909f56bfc062723c751e8b465ee728b)  -> (artifact id: '088ac4f17a1b7d5aa4039c76be45e827') in 0.030060 seconds 
  Import took 0.035935 seconds .

========================================================================
Received Prepare
Registering precompiled user dll's ...
Registered in 0.022756 seconds.
Begin MonoManager ReloadAssembly
Native extension for WindowsStandalone target not found
Native extension for WebGL target not found
Refreshing native plugins compatible for Editor in 0.53 ms, found 3 plugins.
Preloading 0 native plugins for Editor in 0.00 ms.
Mono: successfully reloaded assembly
- Completed reload, in  1.350 seconds
Domain Reload Profiling:
	ReloadAssembly (1353ms)
		BeginReloadAssembly (197ms)
			ExecutionOrderSort (0ms)
			DisableScriptedObjects (16ms)
			BackupInstance (0ms)
			ReleaseScriptingObjects (0ms)
			CreateAndSetChildDomain (87ms)
		EndReloadAssembly (1074ms)
			LoadAssemblies (155ms)
			RebuildTransferFunctionScriptingTraits (0ms)
			SetupTypeCache (385ms)
			ReleaseScriptCaches (1ms)
			RebuildScriptCaches (72ms)
			SetupLoadedEditorAssemblies (333ms)
				LogAssemblyErrors (0ms)
				InitializePlatformSupportModulesInManaged (7ms)
				SetLoadedEditorAssemblies (0ms)
				RefreshPlugins (1ms)
				BeforeProcessingInitializeOnLoad (78ms)
				ProcessInitializeOnLoadAttributes (226ms)
				ProcessInitializeOnLoadMethodAttributes (13ms)
				AfterProcessingInitializeOnLoad (8ms)
				EditorAssembliesLoaded (0ms)
			ExecutionOrderSort2 (0ms)
			AwakeInstancesAfterBackupRestoration (9ms)
Platform modules already initialized, skipping
Refreshing native plugins compatible for Editor in 0.49 ms, found 3 plugins.
Preloading 0 native plugins for Editor in 0.00 ms.
Unloading 2232 Unused Serialized files (Serialized files now loaded: 0)
System memory in use before: 100.5 MB.
System memory in use after: 100.6 MB.

Unloading 18 unused Assets to reduce memory usage. Loaded Objects now: 2695.
Total: 3.865300 ms (FindLiveObjects: 0.260400 ms CreateObjectMapping: 0.105900 ms MarkObjects: 3.447900 ms  DeleteObjects: 0.050100 ms)

AssetImportParameters requested are different than current active one (requested -> active):
  custom:framework-win-MediaFoundation: 216162199b28c13a410421893ffa2e32 -> 
  custom:video-decoder-ogg-theora: a1e56fd34408186e4bbccfd4996cb3dc -> 
  custom:container-muxer-webm: aa71ff27fc2769a1b78a27578f13a17b -> 
  custom:container-demuxer-webm: 4f35f7cbe854078d1ac9338744f61a02 -> 
  custom:container-demuxer-ogg: 62fdf1f143b41e24485cea50d1cbac27 -> 
  custom:video-encoder-webm-vp8: eb34c28f22e8b96e1ab97ce403110664 -> 
  custom:video-decoder-webm-vp8: 9c59270c3fd7afecdb556c50c9e8de78 -> 
  custom:audio-decoder-ogg-vorbis: bf7c407c2cedff20999df2af8eb42d56 -> 
  custom:audio-encoder-webm-vorbis: bf7c407c2cedff20999df2af8eb42d56 -> 
========================================================================
Received Import Request.
  Time since last request: 219.663293 seconds.
  path: Assets/dirt_shovel_on_coffin_sound_effect_375041152789698628.mp3
  artifactKey: Guid(043d0908b43e9ca44b1852b4bcb52a55) Importer(815301076,1909f56bfc062723c751e8b465ee728b)
Start importing Assets/dirt_shovel_on_coffin_sound_effect_375041152789698628.mp3 using Guid(043d0908b43e9ca44b1852b4bcb52a55) Importer(815301076,1909f56bfc062723c751e8b465ee728b)  -> (artifact id: '716f101a7f4b3449ae5f25d7ac6aa692') in 0.066665 seconds 
  Import took 0.071045 seconds .

========================================================================
Received Import Request.
  Time since last request: 73.799958 seconds.
  path: Assets/Scripts/MainClickerScript.cs
  artifactKey: Guid(d6db162cc9fcb2b4480cc969610b6538) Importer(815301076,1909f56bfc062723c751e8b465ee728b)
Start importing Assets/Scripts/MainClickerScript.cs using Guid(d6db162cc9fcb2b4480cc969610b6538) Importer(815301076,1909f56bfc062723c751e8b465ee728b)  -> (artifact id: 'e03ea170382c1cd92c4db9b2b386495e') in 0.061107 seconds 
  Import took 0.102845 seconds .

========================================================================
Received Prepare
Registering precompiled user dll's ...
Registered in 0.020538 seconds.
Begin MonoManager ReloadAssembly
Native extension for WindowsStandalone target not found
Native extension for WebGL target not found
Refreshing native plugins compatible for Editor in 1.29 ms, found 3 plugins.
Preloading 0 native plugins for Editor in 0.00 ms.
Mono: successfully reloaded assembly
- Completed reload, in  2.165 seconds
Domain Reload Profiling:
	ReloadAssembly (2166ms)
		BeginReloadAssembly (230ms)
			ExecutionOrderSort (0ms)
			DisableScriptedObjects (12ms)
			BackupInstance (0ms)
			ReleaseScriptingObjects (0ms)
			CreateAndSetChildDomain (77ms)
		EndReloadAssembly (1810ms)
			LoadAssemblies (212ms)
			RebuildTransferFunctionScriptingTraits (0ms)
			SetupTypeCache (610ms)
			ReleaseScriptCaches (2ms)
			RebuildScriptCaches (92ms)
			SetupLoadedEditorAssemblies (690ms)
				LogAssemblyErrors (0ms)
				InitializePlatformSupportModulesInManaged (13ms)
				SetLoadedEditorAssemblies (1ms)
				RefreshPlugins (1ms)
				BeforeProcessingInitializeOnLoad (149ms)
				ProcessInitializeOnLoadAttributes (478ms)
				ProcessInitializeOnLoadMethodAttributes (29ms)
				AfterProcessingInitializeOnLoad (18ms)
				EditorAssembliesLoaded (0ms)
			ExecutionOrderSort2 (0ms)
			AwakeInstancesAfterBackupRestoration (23ms)
Platform modules already initialized, skipping
Refreshing native plugins compatible for Editor in 1.70 ms, found 3 plugins.
Preloading 0 native plugins for Editor in 0.00 ms.
Unloading 2232 Unused Serialized files (Serialized files now loaded: 0)
System memory in use before: 100.6 MB.
System memory in use after: 100.7 MB.

Unloading 18 unused Assets to reduce memory usage. Loaded Objects now: 2698.
Total: 8.668200 ms (FindLiveObjects: 0.418300 ms CreateObjectMapping: 0.376700 ms MarkObjects: 7.825900 ms  DeleteObjects: 0.043600 ms)

AssetImportParameters requested are different than current active one (requested -> active):
  custom:framework-win-MediaFoundation: 216162199b28c13a410421893ffa2e32 -> 
  custom:video-decoder-ogg-theora: a1e56fd34408186e4bbccfd4996cb3dc -> 
  custom:container-muxer-webm: aa71ff27fc2769a1b78a27578f13a17b -> 
  custom:container-demuxer-webm: 4f35f7cbe854078d1ac9338744f61a02 -> 
  custom:container-demuxer-ogg: 62fdf1f143b41e24485cea50d1cbac27 -> 
  custom:video-encoder-webm-vp8: eb34c28f22e8b96e1ab97ce403110664 -> 
  custom:video-decoder-webm-vp8: 9c59270c3fd7afecdb556c50c9e8de78 -> 
  custom:audio-decoder-ogg-vorbis: bf7c407c2cedff20999df2af8eb42d56 -> 
  custom:audio-encoder-webm-vorbis: bf7c407c2cedff20999df2af8eb42d56 -> 
========================================================================
Received Import Request.
  Time since last request: 201.934478 seconds.
  path: Assets/Destruction Earthquake Sound Effects - Edited.mp3
  artifactKey: Guid(4e76c2705466a664693718be2e45a976) Importer(815301076,1909f56bfc062723c751e8b465ee728b)
Start importing Assets/Destruction Earthquake Sound Effects - Edited.mp3 using Guid(4e76c2705466a664693718be2e45a976) Importer(815301076,1909f56bfc062723c751e8b465ee728b)  -> (artifact id: '16c9b13092b82e1797c8b521eebb3665') in 0.073226 seconds 
  Import took 0.080497 seconds .

========================================================================
Received Prepare
Registering precompiled user dll's ...
Registered in 0.009120 seconds.
Begin MonoManager ReloadAssembly
Native extension for WindowsStandalone target not found
Native extension for WebGL target not found
Refreshing native plugins compatible for Editor in 1.14 ms, found 3 plugins.
Preloading 0 native plugins for Editor in 0.00 ms.
Mono: successfully reloaded assembly
- Completed reload, in  1.236 seconds
Domain Reload Profiling:
	ReloadAssembly (1236ms)
		BeginReloadAssembly (131ms)
			ExecutionOrderSort (0ms)
			DisableScriptedObjects (7ms)
			BackupInstance (0ms)
			ReleaseScriptingObjects (0ms)
			CreateAndSetChildDomain (42ms)
		EndReloadAssembly (1029ms)
			LoadAssemblies (97ms)
			RebuildTransferFunctionScriptingTraits (0ms)
			SetupTypeCache (307ms)
			ReleaseScriptCaches (1ms)
			RebuildScriptCaches (52ms)
			SetupLoadedEditorAssemblies (400ms)
				LogAssemblyErrors (0ms)
				InitializePlatformSupportModulesInManaged (14ms)
				SetLoadedEditorAssemblies (1ms)
				RefreshPlugins (1ms)
				BeforeProcessingInitializeOnLoad (102ms)
				ProcessInitializeOnLoadAttributes (264ms)
				ProcessInitializeOnLoadMethodAttributes (11ms)
				AfterProcessingInitializeOnLoad (7ms)
				EditorAssembliesLoaded (0ms)
			ExecutionOrderSort2 (0ms)
			AwakeInstancesAfterBackupRestoration (9ms)
Platform modules already initialized, skipping
Refreshing native plugins compatible for Editor in 0.67 ms, found 3 plugins.
Preloading 0 native plugins for Editor in 0.00 ms.
Unloading 2232 Unused Serialized files (Serialized files now loaded: 0)
System memory in use before: 100.7 MB.
System memory in use after: 100.8 MB.

Unloading 18 unused Assets to reduce memory usage. Loaded Objects now: 2701.
Total: 3.300900 ms (FindLiveObjects: 0.203100 ms CreateObjectMapping: 0.126300 ms MarkObjects: 2.950500 ms  DeleteObjects: 0.019700 ms)

AssetImportParameters requested are different than current active one (requested -> active):
  custom:framework-win-MediaFoundation: 216162199b28c13a410421893ffa2e32 -> 
  custom:video-decoder-ogg-theora: a1e56fd34408186e4bbccfd4996cb3dc -> 
  custom:container-muxer-webm: aa71ff27fc2769a1b78a27578f13a17b -> 
  custom:container-demuxer-webm: 4f35f7cbe854078d1ac9338744f61a02 -> 
  custom:container-demuxer-ogg: 62fdf1f143b41e24485cea50d1cbac27 -> 
  custom:video-encoder-webm-vp8: eb34c28f22e8b96e1ab97ce403110664 -> 
  custom:video-decoder-webm-vp8: 9c59270c3fd7afecdb556c50c9e8de78 -> 
  custom:audio-decoder-ogg-vorbis: bf7c407c2cedff20999df2af8eb42d56 -> 
  custom:audio-encoder-webm-vorbis: bf7c407c2cedff20999df2af8eb42d56 -> 
========================================================================
Received Prepare
Registering precompiled user dll's ...
Registered in 0.010468 seconds.
Begin MonoManager ReloadAssembly
Native extension for WindowsStandalone target not found
Native extension for WebGL target not found
Refreshing native plugins compatible for Editor in 0.68 ms, found 3 plugins.
Preloading 0 native plugins for Editor in 0.00 ms.
Mono: successfully reloaded assembly
- Completed reload, in  1.016 seconds
Domain Reload Profiling:
	ReloadAssembly (1016ms)
		BeginReloadAssembly (124ms)
			ExecutionOrderSort (0ms)
			DisableScriptedObjects (9ms)
			BackupInstance (0ms)
			ReleaseScriptingObjects (0ms)
			CreateAndSetChildDomain (44ms)
		EndReloadAssembly (824ms)
			LoadAssemblies (89ms)
			RebuildTransferFunctionScriptingTraits (0ms)
			SetupTypeCache (299ms)
			ReleaseScriptCaches (1ms)
			RebuildScriptCaches (42ms)
			SetupLoadedEditorAssemblies (290ms)
				LogAssemblyErrors (0ms)
				InitializePlatformSupportModulesInManaged (6ms)
				SetLoadedEditorAssemblies (0ms)
				RefreshPlugins (1ms)
				BeforeProcessingInitializeOnLoad (69ms)
				ProcessInitializeOnLoadAttributes (196ms)
				ProcessInitializeOnLoadMethodAttributes (11ms)
				AfterProcessingInitializeOnLoad (7ms)
				EditorAssembliesLoaded (0ms)
			ExecutionOrderSort2 (0ms)
			AwakeInstancesAfterBackupRestoration (9ms)
Platform modules already initialized, skipping
Refreshing native plugins compatible for Editor in 0.49 ms, found 3 plugins.
Preloading 0 native plugins for Editor in 0.00 ms.
Unloading 2232 Unused Serialized files (Serialized files now loaded: 0)
System memory in use before: 100.7 MB.
System memory in use after: 100.8 MB.

Unloading 18 unused Assets to reduce memory usage. Loaded Objects now: 2703.
Total: 3.685900 ms (FindLiveObjects: 0.285800 ms CreateObjectMapping: 0.072900 ms MarkObjects: 3.310100 ms  DeleteObjects: 0.015900 ms)

AssetImportParameters requested are different than current active one (requested -> active):
  custom:framework-win-MediaFoundation: 216162199b28c13a410421893ffa2e32 -> 
  custom:video-decoder-ogg-theora: a1e56fd34408186e4bbccfd4996cb3dc -> 
  custom:container-muxer-webm: aa71ff27fc2769a1b78a27578f13a17b -> 
  custom:container-demuxer-webm: 4f35f7cbe854078d1ac9338744f61a02 -> 
  custom:container-demuxer-ogg: 62fdf1f143b41e24485cea50d1cbac27 -> 
  custom:video-encoder-webm-vp8: eb34c28f22e8b96e1ab97ce403110664 -> 
  custom:video-decoder-webm-vp8: 9c59270c3fd7afecdb556c50c9e8de78 -> 
  custom:audio-decoder-ogg-vorbis: bf7c407c2cedff20999df2af8eb42d56 -> 
  custom:audio-encoder-webm-vorbis: bf7c407c2cedff20999df2af8eb42d56 -> 
========================================================================
Received Prepare
Refreshing native plugins compatible for Editor in 6.22 ms, found 3 plugins.
Preloading 0 native plugins for Editor in 0.00 ms.
Unloading 16 Unused Serialized files (Serialized files now loaded: 0)
System memory in use before: 56.0 MB.
System memory in use after: 56.1 MB.

Unloading 16 unused Assets to reduce memory usage. Loaded Objects now: 2703.
Total: 4.452800 ms (FindLiveObjects: 0.265500 ms CreateObjectMapping: 0.089000 ms MarkObjects: 4.067200 ms  DeleteObjects: 0.029600 ms)

AssetImportParameters requested are different than current active one (requested -> active):
  custom:framework-win-MediaFoundation: 216162199b28c13a410421893ffa2e32 -> 
  custom:video-decoder-ogg-theora: a1e56fd34408186e4bbccfd4996cb3dc -> 
  custom:container-muxer-webm: aa71ff27fc2769a1b78a27578f13a17b -> 
  custom:container-demuxer-webm: 4f35f7cbe854078d1ac9338744f61a02 -> 
  custom:container-demuxer-ogg: 62fdf1f143b41e24485cea50d1cbac27 -> 
  custom:video-encoder-webm-vp8: eb34c28f22e8b96e1ab97ce403110664 -> 
  custom:video-decoder-webm-vp8: 9c59270c3fd7afecdb556c50c9e8de78 -> 
  custom:audio-decoder-ogg-vorbis: bf7c407c2cedff20999df2af8eb42d56 -> 
  custom:audio-encoder-webm-vorbis: bf7c407c2cedff20999df2af8eb42d56 -> 
